{"/home/slava/Documents/projects/frontend-project-lvl2/src/index.js": {"path":"/home/slava/Documents/projects/frontend-project-lvl2/src/index.js","statementMap":{"0":{"start":{"line":1,"column":0},"end":{"line":1,"column":41}},"1":{"start":{"line":2,"column":0},"end":{"line":2,"column":0}},"2":{"start":{"line":3,"column":0},"end":{"line":3,"column":24}},"3":{"start":{"line":4,"column":0},"end":{"line":4,"column":20}},"4":{"start":{"line":5,"column":0},"end":{"line":5,"column":23}},"5":{"start":{"line":6,"column":0},"end":{"line":6,"column":0}},"6":{"start":{"line":7,"column":0},"end":{"line":7,"column":64}},"7":{"start":{"line":8,"column":0},"end":{"line":8,"column":43}},"8":{"start":{"line":9,"column":0},"end":{"line":9,"column":46}},"9":{"start":{"line":10,"column":0},"end":{"line":10,"column":46}},"10":{"start":{"line":11,"column":0},"end":{"line":11,"column":78}},"11":{"start":{"line":12,"column":0},"end":{"line":12,"column":78}},"12":{"start":{"line":13,"column":0},"end":{"line":13,"column":35}},"13":{"start":{"line":14,"column":0},"end":{"line":14,"column":35}},"14":{"start":{"line":15,"column":0},"end":{"line":15,"column":44}},"15":{"start":{"line":16,"column":0},"end":{"line":16,"column":25}},"16":{"start":{"line":17,"column":0},"end":{"line":17,"column":23}},"17":{"start":{"line":18,"column":0},"end":{"line":18,"column":25}},"18":{"start":{"line":19,"column":0},"end":{"line":19,"column":27}},"19":{"start":{"line":20,"column":0},"end":{"line":20,"column":25}},"20":{"start":{"line":21,"column":0},"end":{"line":21,"column":29}},"21":{"start":{"line":22,"column":0},"end":{"line":22,"column":62}},"22":{"start":{"line":23,"column":0},"end":{"line":23,"column":36}},"23":{"start":{"line":24,"column":0},"end":{"line":24,"column":64}},"24":{"start":{"line":25,"column":0},"end":{"line":25,"column":43}},"25":{"start":{"line":26,"column":0},"end":{"line":26,"column":64}},"26":{"start":{"line":27,"column":0},"end":{"line":27,"column":62}},"27":{"start":{"line":28,"column":0},"end":{"line":28,"column":12}},"28":{"start":{"line":29,"column":0},"end":{"line":29,"column":66}},"29":{"start":{"line":30,"column":0},"end":{"line":30,"column":5}},"30":{"start":{"line":31,"column":0},"end":{"line":31,"column":5}},"31":{"start":{"line":32,"column":0},"end":{"line":32,"column":19}},"32":{"start":{"line":33,"column":0},"end":{"line":33,"column":25}},"33":{"start":{"line":34,"column":0},"end":{"line":34,"column":2}},"34":{"start":{"line":35,"column":0},"end":{"line":35,"column":23}}},"s":{"0":1,"1":1,"2":1,"3":2,"4":1,"5":1,"6":1,"7":1,"8":1,"9":1,"10":1,"11":1,"12":1,"13":1,"14":1,"15":1,"16":1,"17":5,"18":1,"19":1,"20":5,"21":4,"22":2,"23":2,"24":1,"25":1,"26":5,"27":1,"28":1,"29":1,"30":1,"31":1,"32":1,"33":1,"34":1},"branchMap":{"0":{"type":"branch","line":1,"loc":{"start":{"line":1,"column":0},"end":{"line":29,"column":63}},"locations":[{"start":{"line":1,"column":0},"end":{"line":29,"column":63}}]},"1":{"type":"branch","line":3,"loc":{"start":{"line":3,"column":5},"end":{"line":4,"column":20}},"locations":[{"start":{"line":3,"column":5},"end":{"line":4,"column":20}}]},"2":{"type":"branch","line":5,"loc":{"start":{"line":5,"column":17},"end":{"line":29,"column":37}},"locations":[{"start":{"line":5,"column":17},"end":{"line":29,"column":37}}]},"3":{"type":"branch","line":17,"loc":{"start":{"line":17,"column":4},"end":{"line":28,"column":0}},"locations":[{"start":{"line":17,"column":4},"end":{"line":28,"column":0}}]},"4":{"type":"branch","line":18,"loc":{"start":{"line":18,"column":19},"end":{"line":21,"column":9}},"locations":[{"start":{"line":18,"column":19},"end":{"line":21,"column":9}}]},"5":{"type":"branch","line":21,"loc":{"start":{"line":21,"column":9},"end":{"line":27,"column":59}},"locations":[{"start":{"line":21,"column":9},"end":{"line":27,"column":59}}]},"6":{"type":"branch","line":22,"loc":{"start":{"line":22,"column":9},"end":{"line":27,"column":59}},"locations":[{"start":{"line":22,"column":9},"end":{"line":27,"column":59}}]},"7":{"type":"branch","line":24,"loc":{"start":{"line":24,"column":18},"end":{"line":27,"column":59}},"locations":[{"start":{"line":24,"column":18},"end":{"line":27,"column":59}}]}},"b":{"0":[1],"1":[2],"2":[1],"3":[5],"4":[1],"5":[4],"6":[2],"7":[1]},"fnMap":{"0":{"name":"getFixturePath","decl":{"start":{"line":3,"column":5},"end":{"line":4,"column":20}},"loc":{"start":{"line":3,"column":5},"end":{"line":4,"column":20}},"line":3},"1":{"name":"genDiff","decl":{"start":{"line":5,"column":17},"end":{"line":29,"column":37}},"loc":{"start":{"line":5,"column":17},"end":{"line":29,"column":37}},"line":5}},"f":{"0":2,"1":1}}
}
