TN:
SF:src/index.js
FN:3,getFixturePath
FN:5,genDiff
FNF:2
FNH:2
FNDA:2,getFixturePath
FNDA:1,genDiff
DA:1,1
DA:2,1
DA:3,1
DA:4,2
DA:5,1
DA:6,1
DA:7,1
DA:8,1
DA:9,1
DA:10,1
DA:11,1
DA:12,1
DA:13,1
DA:14,1
DA:15,1
DA:16,1
DA:17,1
DA:18,5
DA:19,1
DA:20,1
DA:21,5
DA:22,4
DA:23,2
DA:24,2
DA:25,1
DA:26,1
DA:27,5
DA:28,1
DA:29,1
DA:30,1
DA:31,1
DA:32,1
DA:33,1
DA:34,1
DA:35,1
LF:35
LH:35
BRDA:1,0,0,1
BRDA:3,1,0,2
BRDA:5,2,0,1
BRDA:17,3,0,5
BRDA:18,4,0,1
BRDA:21,5,0,4
BRDA:22,6,0,2
BRDA:24,7,0,1
BRF:8
BRH:8
end_of_record
